<?xml version="1.0" encoding="UTF-8"?>
<testsuite xmlns:xsi="http://www.w3.org/2001/XMLSchema-instance" xsi:noNamespaceSchemaLocation="https://maven.apache.org/surefire/maven-surefire-plugin/xsd/surefire-test-report.xsd" name="com.vesoft.nebula.migration.MigrationBundleTest" time="0.259" tests="48" errors="0" skipped="0" failures="0">
  <properties>
[...]
</properties>
  <testcase name="refusesPolygonImportWhenBothProbeQueriesFail" classname="com.vesoft.nebula.migration.MigrationBundleTest" time="0.025"/>
  <testcase name="legacyPolygonHeaderPreservesCoordinatesWithoutChangingOriginal" classname="com.vesoft.nebula.migration.MigrationBundleTest" time="0.001"/>
  <testcase name="rejectsNaNPayloadThatThriftWouldCanonicalize" classname="com.vesoft.nebula.migration.MigrationBundleTest" time="0.096"/>
  <testcase name="acceptsGeographyEdgeWithCompleteIdentity" classname="com.vesoft.nebula.migration.MigrationBundleTest" time="0.003"/>
  <testcase name="rejectsTruncatedAndTrailingNativeSchemaPayloadsBeforeConnecting" classname="com.vesoft.nebula.migration.MigrationBundleTest" time="0.012"/>
  <testcase name="rejectsUnknownGeographyConstraintBeforeConnecting" classname="com.vesoft.nebula.migration.MigrationBundleTest" time="0.001"/>
  <testcase name="rejectsFiniteFloatPayloadThatWouldLosePrecision" classname="com.vesoft.nebula.migration.MigrationBundleTest" time="0.001"/>
  <testcase name="rejectsNonCanonicalBase64" classname="com.vesoft.nebula.migration.MigrationBundleTest" time="0.001"/>
  <testcase name="rejectsMinimumRankBundleBeforeConnecting" classname="com.vesoft.nebula.migration.MigrationBundleTest" time="0.001"/>
  <testcase name="nativeSchemaSupportsDefaultsEvenWhenShowCreateIsNotExecutable" classname="com.vesoft.nebula.migration.MigrationBundleTest" time="0.003"/>
  <testcase name="nativeSchemaPreservesGeographyConstraintsAndFixedStringCapacity" classname="com.vesoft.nebula.migration.MigrationBundleTest" time="0.003"/>
  <testcase name="legacySpaceCommentDisplayMustBeReexportedBeforeConnecting" classname="com.vesoft.nebula.migration.MigrationBundleTest" time="0.003"/>
  <testcase name="rejectsDuplicateCompleteKey" classname="com.vesoft.nebula.migration.MigrationBundleTest" time="0.004"/>
  <testcase name="rejectsGeographyShapeMismatchBeforeConnecting" classname="com.vesoft.nebula.migration.MigrationBundleTest" time="0.002"/>
  <testcase name="legacyDefaultBundleRequiresNewNativeSchemaExportBeforeConnecting" classname="com.vesoft.nebula.migration.MigrationBundleTest" time="0.001"/>
  <testcase name="rejectsPolygonProbeThatChangesOneCoordinateBit" classname="com.vesoft.nebula.migration.MigrationBundleTest" time="0.002"/>
  <testcase name="rejectsNullInNotNullProperty" classname="com.vesoft.nebula.migration.MigrationBundleTest" time="0.002"/>
  <testcase name="rejectsChangedCsvBytesEvenWhenStillValidCsv" classname="com.vesoft.nebula.migration.MigrationBundleTest" time="0.001"/>
  <testcase name="acceptsNullableAndEmptyGeographySchemas" classname="com.vesoft.nebula.migration.MigrationBundleTest" time="0.012"/>
  <testcase name="polygonWorkaroundLeavesOtherNativeValuesUnchanged" classname="com.vesoft.nebula.migration.MigrationBundleTest" time="0"/>
  <testcase name="supportsZeroPropertyAndEmptyTagFiles" classname="com.vesoft.nebula.migration.MigrationBundleTest" time="0.001"/>
  <testcase name="rejectsUnrepresentableMinimumRank" classname="com.vesoft.nebula.migration.MigrationBundleTest" time="0"/>
  <testcase name="rejectsWrongColumnCount" classname="com.vesoft.nebula.migration.MigrationBundleTest" time="0.001"/>
  <testcase name="rejectsInvalidSpaceCommentBase64BeforeConnecting" classname="com.vesoft.nebula.migration.MigrationBundleTest" time="0.002"/>
  <testcase name="rejectsNonFiniteGeographyCoordinatesBeforeConnecting" classname="com.vesoft.nebula.migration.MigrationBundleTest" time="0.012"/>
  <testcase name="nativeSpaceCommentBundleKeepsBinaryMetadata" classname="com.vesoft.nebula.migration.MigrationBundleTest" time="0.001"/>
  <testcase name="preservesMetadataGeographyShapeConstraints" classname="com.vesoft.nebula.migration.MigrationBundleTest" time="0"/>
  <testcase name="rejectsNativeSchemaThatDisagreesWithReadableColumnInventory" classname="com.vesoft.nebula.migration.MigrationBundleTest" time="0.01"/>
  <testcase name="acceptsPromotedFloatAndNegativeZero" classname="com.vesoft.nebula.migration.MigrationBundleTest" time="0.003"/>
  <testcase name="spaceCommentPreservesAllBytesIncludingNulWithoutVidRestrictions" classname="com.vesoft.nebula.migration.MigrationBundleTest" time="0.001"/>
  <testcase name="rejectsActiveTtlInNativeSchemaBeforeConnecting" classname="com.vesoft.nebula.migration.MigrationBundleTest" time="0.001"/>
  <testcase name="acceptsAllGeographyShapesInUnrestrictedAndConstrainedBundles" classname="com.vesoft.nebula.migration.MigrationBundleTest" time="0.007"/>
  <testcase name="rejectsBlankCellInsteadOfNull" classname="com.vesoft.nebula.migration.MigrationBundleTest" time="0.001"/>
  <testcase name="nativeSchemaSupportsEmptyTagAndDetectsChangedTableComment" classname="com.vesoft.nebula.migration.MigrationBundleTest" time="0.001"/>
  <testcase name="acceptsCanonicalFloatNaNAndAllReplayableDoubleNonFiniteValues" classname="com.vesoft.nebula.migration.MigrationBundleTest" time="0.003"/>
  <testcase name="detectsOlderServerThatSkipsCorrectlyTypedPolygonRings" classname="com.vesoft.nebula.migration.MigrationBundleTest" time="0.001"/>
  <testcase name="rejectsWrongHeader" classname="com.vesoft.nebula.migration.MigrationBundleTest" time="0"/>
  <testcase name="serializesVidAsBytePreservingOctalLiterals" classname="com.vesoft.nebula.migration.MigrationBundleTest" time="0.001"/>
  <testcase name="prefersStandardPolygonWireWhenServerPreservesIt" classname="com.vesoft.nebula.migration.MigrationBundleTest" time="0"/>
  <testcase name="rejectsNulVidBeforeLiteralConstruction" classname="com.vesoft.nebula.migration.MigrationBundleTest" time="0"/>
  <testcase name="rejectsInfiniteFloatBeforeConnection" classname="com.vesoft.nebula.migration.MigrationBundleTest" time="0.003"/>
  <testcase name="nativeSchemaPreservesDefaultExpressionBytesAndAllSchemaProperties" classname="com.vesoft.nebula.migration.MigrationBundleTest" time="0.002"/>
  <testcase name="acceptsNullEmptyAndArbitraryBinaryString" classname="com.vesoft.nebula.migration.MigrationBundleTest" time="0.001"/>
  <testcase name="spaceCommentDistinguishesAbsentEmptyAndNul" classname="com.vesoft.nebula.migration.MigrationBundleTest" time="0.001"/>
  <testcase name="rejectsPolygonProbeThatReordersRings" classname="com.vesoft.nebula.migration.MigrationBundleTest" time="0"/>
  <testcase name="refusesBothPolygonFormatsWhenBothLoseRings" classname="com.vesoft.nebula.migration.MigrationBundleTest" time="0"/>
  <testcase name="rejectsNullIdentifier" classname="com.vesoft.nebula.migration.MigrationBundleTest" time="0"/>
  <testcase name="rejectsInventoryCountMismatch" classname="com.vesoft.nebula.migration.MigrationBundleTest" time="0.001"/>
</testsuite>