<?xml version="1.0" encoding="UTF-8"?>
<testsuite xmlns:xsi="http://www.w3.org/2001/XMLSchema-instance" xsi:noNamespaceSchemaLocation="https://maven.apache.org/surefire/maven-surefire-plugin/xsd/surefire-test-report.xsd" name="com.vesoft.nebula.migration.ValueCodecTest" time="0.136" tests="37" errors="0" skipped="0" failures="0">
  <properties>
[...]
</properties>
  <testcase name="geographyLineAndPolygonKeepRepeatedPointsClosureAndHoleOrder" classname="com.vesoft.nebula.migration.ValueCodecTest" time="0"/>
  <testcase name="finiteExtremaSubnormalsAndSignedZeroKeepTheirBits" classname="com.vesoft.nebula.migration.ValueCodecTest" time="0"/>
  <testcase name="geographyParserRejectsNonCanonicalAndMalformedShapeTrees" classname="com.vesoft.nebula.migration.ValueCodecTest" time="0"/>
  <testcase name="randomFloatingPointBitsRoundTripWithoutDecimalConversion" classname="com.vesoft.nebula.migration.ValueCodecTest" time="0.036"/>
  <testcase name="emptySequencesAreRetainedWithoutClaimingTheyAreValidDatabaseGeometries" classname="com.vesoft.nebula.migration.ValueCodecTest" time="0"/>
  <testcase name="dateTimePreservesAllSevenFieldsIncludingYearBoundaries" classname="com.vesoft.nebula.migration.ValueCodecTest" time="0.006"/>
  <testcase name="geographyMissingShapeListsAndCoordinateComponentsFailClosed" classname="com.vesoft.nebula.migration.ValueCodecTest" time="0"/>
  <testcase name="integersRejectNonCanonicalAndNonIntegralForms" classname="com.vesoft.nebula.migration.ValueCodecTest" time="0"/>
  <testcase name="supportedSchemaTypesAreCaseInsensitiveAndUnknownTypesAreRejected" classname="com.vesoft.nebula.migration.ValueCodecTest" time="0"/>
  <testcase name="temporalPayloadRejectsBadDatesOverflowAndMalformedArrays" classname="com.vesoft.nebula.migration.ValueCodecTest" time="0.001"/>
  <testcase name="geographyDoesNotNormalizeSignedZeroOrAdjacentFiniteDoubles" classname="com.vesoft.nebula.migration.ValueCodecTest" time="0"/>
  <testcase name="integerOverflowIsRejectedOnBothExportAndImport" classname="com.vesoft.nebula.migration.ValueCodecTest" time="0.001"/>
  <testcase name="floatingPointExamplesMatchTheSpecifiedCsv" classname="com.vesoft.nebula.migration.ValueCodecTest" time="0"/>
  <testcase name="booleanHasFixedCanonicalRepresentation" classname="com.vesoft.nebula.migration.ValueCodecTest" time="0"/>
  <testcase name="binaryStringPreservesEveryPossibleByte" classname="com.vesoft.nebula.migration.ValueCodecTest" time="0"/>
  <testcase name="geographySchemaShapeMismatchAndWrongNativeTypeAreRejected" classname="com.vesoft.nebula.migration.ValueCodecTest" time="0"/>
  <testcase name="cellsRequireCanonicalBase64AndExplicitMarkers" classname="com.vesoft.nebula.migration.ValueCodecTest" time="0.001"/>
  <testcase name="floatingPointPayloadRejectsDecimalUppercaseAndWrongLength" classname="com.vesoft.nebula.migration.ValueCodecTest" time="0"/>
  <testcase name="nonFiniteAndNanPayloadsAreExpressibleWithoutClaimingServerSupport" classname="com.vesoft.nebula.migration.ValueCodecTest" time="0"/>
  <testcase name="stringSpecialCharactersAndUnicodeAreByteExact" classname="com.vesoft.nebula.migration.ValueCodecTest" time="0"/>
  <testcase name="fixedStringChecksBytesAndNeverPadsOrTruncates" classname="com.vesoft.nebula.migration.ValueCodecTest" time="0"/>
  <testcase name="nullEmptyAndMarkerLikeStringsRemainDistinct" classname="com.vesoft.nebula.migration.ValueCodecTest" time="0"/>
  <testcase name="dateSupportsNegativeYearsLeapDaysAndFullYearRange" classname="com.vesoft.nebula.migration.ValueCodecTest" time="0"/>
  <testcase name="nativeUnionTypeMustMatchSchemaWithoutImplicitCoercions" classname="com.vesoft.nebula.migration.ValueCodecTest" time="0"/>
  <testcase name="geographyPointHasCanonicalShapeAndRawCoordinatePayload" classname="com.vesoft.nebula.migration.ValueCodecTest" time="0"/>
  <testcase name="multiMegabyteStringsHaveNoLineWrappingOrTruncation" classname="com.vesoft.nebula.migration.ValueCodecTest" time="0.031"/>
  <testcase name="oneThousandPointLineAndPolygonShapesRoundTripBitForBit" classname="com.vesoft.nebula.migration.ValueCodecTest" time="0.032"/>
  <testcase name="databaseErrorNullsAndMissingValuesFailClosed" classname="com.vesoft.nebula.migration.ValueCodecTest" time="0"/>
  <testcase name="integersRoundTripAtEverySchemaBoundary" classname="com.vesoft.nebula.migration.ValueCodecTest" time="0"/>
  <testcase name="timePreservesMicrosecondsWithoutTimezoneConversion" classname="com.vesoft.nebula.migration.ValueCodecTest" time="0"/>
  <testcase name="canonicalScalarValuesSurviveCsvAndNativeThriftTransport" classname="com.vesoft.nebula.migration.ValueCodecTest" time="0.015"/>
  <testcase name="normalNullRoundTripsForEverySupportedType" classname="com.vesoft.nebula.migration.ValueCodecTest" time="0"/>
  <testcase name="geographyNonFiniteCoordinatesAreRejectedOnBothExportAndImport" classname="com.vesoft.nebula.migration.ValueCodecTest" time="0.002"/>
  <testcase name="generatedGeographyDecoderPreservesFiniteCoordinatesInBinaryAndCompactProtocols" classname="com.vesoft.nebula.migration.ValueCodecTest" time="0"/>
  <testcase name="invalidUtf8IsNeverDecodedAsText" classname="com.vesoft.nebula.migration.ValueCodecTest" time="0"/>
  <testcase name="nonCanonicalNanBitsSurviveCsvButAreCanonicalizedByBundledThrift" classname="com.vesoft.nebula.migration.ValueCodecTest" time="0.009"/>
  <testcase name="durationPreservesSignedFieldsAndDoesNotNormalize" classname="com.vesoft.nebula.migration.ValueCodecTest" time="0"/>
</testsuite>