<?xml version="1.0" encoding="UTF-8"?>
<testsuite xmlns:xsi="http://www.w3.org/2001/XMLSchema-instance" xsi:noNamespaceSchemaLocation="https://maven.apache.org/surefire/maven-surefire-plugin/xsd/surefire-test-report.xsd" name="com.vesoft.nebula.verification.PlanBundleTest" time="0.09" tests="11" errors="0" skipped="0" failures="0">
  <properties>
[...]
</properties>
  <testcase name="planLoadRejectsChangedVertexOrEdgeCsv" classname="com.vesoft.nebula.verification.PlanBundleTest" time="0.055"/>
  <testcase name="migrationDuplicateRowsAreRejectedEvenWithUpdatedChecksumAndCount" classname="com.vesoft.nebula.verification.PlanBundleTest" time="0.003"/>
  <testcase name="standaloneInt64InventoryPreparesAndLoadsRealCsvFormat" classname="com.vesoft.nebula.verification.PlanBundleTest" time="0.007"/>
  <testcase name="stringInventoryKeepsEmptyAndInvalidUtf8IdentifiersExact" classname="com.vesoft.nebula.verification.PlanBundleTest" time="0.003"/>
  <testcase name="migrationManifestRejectsUnsafeFilesDuplicateTablesAndUnknownEncoding" classname="com.vesoft.nebula.verification.PlanBundleTest" time="0.004"/>
  <testcase name="migrationInventoryDeduplicatesMultiTagVerticesAndIncludesEdgeEndpoints" classname="com.vesoft.nebula.verification.PlanBundleTest" time="0.003"/>
  <testcase name="duplicateStandaloneVertexAndEdgeIdsAreRejected" classname="com.vesoft.nebula.verification.PlanBundleTest" time="0.001"/>
  <testcase name="emptyInventoryAndNonemptyOutputAreRejectedWithoutOverwriting" classname="com.vesoft.nebula.verification.PlanBundleTest" time="0.002"/>
  <testcase name="migrationCsvChecksumAndManifestRowCountAreChecked" classname="com.vesoft.nebula.verification.PlanBundleTest" time="0.003"/>
  <testcase name="planIdentityDigestAndRecordCountCannotBeSilentlyChanged" classname="com.vesoft.nebula.verification.PlanBundleTest" time="0.004"/>
  <testcase name="identifierHeadersNullsFieldCountsAndRankMinimumAreRejected" classname="com.vesoft.nebula.verification.PlanBundleTest" time="0.005"/>
</testsuite>